<?xml version="1.0" encoding="UTF-8"?>
<testng-results ignored="0" total="1" passed="0" failed="1" skipped="0">
  <reporter-output>
  </reporter-output>
  <suite started-at="2023-05-30T13:35:35 IST" name="Default suite" finished-at="2023-05-30T13:36:00 IST" duration-ms="25495">
    <groups>
      <group name="regTest">
        <method signature="Openaccounttest.openacc()[pri:0, instance:com.banking.steller.Openaccounttest@1ed6388a]" name="openacc" class="com.banking.steller.Openaccounttest"/>
      </group> <!-- regTest -->
      <group name="smokeTest">
        <method signature="Openaccounttest.openacc()[pri:0, instance:com.banking.steller.Openaccounttest@1ed6388a]" name="openacc" class="com.banking.steller.Openaccounttest"/>
      </group> <!-- smokeTest -->
    </groups>
    <test started-at="2023-05-30T13:35:35 IST" name="Default test" finished-at="2023-05-30T13:36:00 IST" duration-ms="25495">
      <class name="com.banking.steller.Openaccounttest">
        <test-method is-config="true" signature="config_BS()[pri:0, instance:com.banking.steller.Openaccounttest@1ed6388a]" started-at="2023-05-30T13:35:35 IST" name="config_BS" finished-at="2023-05-30T13:35:35 IST" duration-ms="9" status="PASS">
          <reporter-output>
          </reporter-output>
        </test-method> <!-- config_BS -->
        <test-method is-config="true" signature="config_BC()[pri:0, instance:com.banking.steller.Openaccounttest@1ed6388a]" started-at="2023-05-30T13:35:35 IST" name="config_BC" finished-at="2023-05-30T13:35:40 IST" duration-ms="4854" status="PASS">
          <reporter-output>
          </reporter-output>
        </test-method> <!-- config_BC -->
        <test-method is-config="true" signature="config_BM()[pri:0, instance:com.banking.steller.Openaccounttest@1ed6388a]" started-at="2023-05-30T13:35:40 IST" name="config_BM" finished-at="2023-05-30T13:35:40 IST" duration-ms="298" status="PASS">
          <reporter-output>
          </reporter-output>
        </test-method> <!-- config_BM -->
        <test-method signature="openacc()[pri:0, instance:com.banking.steller.Openaccounttest@1ed6388a]" started-at="2023-05-30T13:35:40 IST" name="openacc" finished-at="2023-05-30T13:36:00 IST" duration-ms="20295" status="FAIL">
          <exception class="java.lang.ArrayIndexOutOfBoundsException">
            <message>
              <![CDATA[Index 1 out of bounds for length 1]]>
            </message>
            <full-stacktrace>
              <![CDATA[java.lang.ArrayIndexOutOfBoundsException: Index 1 out of bounds for length 1
at com.banking.steller.Openaccounttest.openacc(Openaccounttest.java:149)
at java.base/jdk.internal.reflect.DirectMethodHandleAccessor.invoke(DirectMethodHandleAccessor.java:104)
at java.base/java.lang.reflect.Method.invoke(Method.java:578)
at org.testng.internal.MethodInvocationHelper.invokeMethod(MethodInvocationHelper.java:133)
at org.testng.internal.TestInvoker.invokeMethod(TestInvoker.java:598)
at org.testng.internal.TestInvoker.invokeTestMethod(TestInvoker.java:173)
at org.testng.internal.MethodRunner.runInSequence(MethodRunner.java:46)
at org.testng.internal.TestInvoker$MethodInvocationAgent.invoke(TestInvoker.java:824)
at org.testng.internal.TestInvoker.invokeTestMethods(TestInvoker.java:146)
at org.testng.internal.TestMethodWorker.invokeTestMethods(TestMethodWorker.java:146)
at org.testng.internal.TestMethodWorker.run(TestMethodWorker.java:128)
at java.base/java.util.ArrayList.forEach(ArrayList.java:1511)
at org.testng.TestRunner.privateRun(TestRunner.java:794)
at org.testng.TestRunner.run(TestRunner.java:596)
at org.testng.SuiteRunner.runTest(SuiteRunner.java:377)
at org.testng.SuiteRunner.runSequentially(SuiteRunner.java:371)
at org.testng.SuiteRunner.privateRun(SuiteRunner.java:332)
at org.testng.SuiteRunner.run(SuiteRunner.java:276)
at org.testng.SuiteRunnerWorker.runSuite(SuiteRunnerWorker.java:53)
at org.testng.SuiteRunnerWorker.run(SuiteRunnerWorker.java:96)
at org.testng.TestNG.runSuitesSequentially(TestNG.java:1212)
at org.testng.TestNG.runSuitesLocally(TestNG.java:1134)
at org.testng.TestNG.runSuites(TestNG.java:1063)
at org.testng.TestNG.run(TestNG.java:1031)
at org.testng.remote.AbstractRemoteTestNG.run(AbstractRemoteTestNG.java:115)
at org.testng.remote.RemoteTestNG.initAndRun(RemoteTestNG.java:251)
at org.testng.remote.RemoteTestNG.main(RemoteTestNG.java:77)
]]>
            </full-stacktrace>
          </exception> <!-- java.lang.ArrayIndexOutOfBoundsException -->
          <reporter-output>
          </reporter-output>
        </test-method> <!-- openacc -->
        <test-method is-config="true" signature="config_AC()[pri:0, instance:com.banking.steller.Openaccounttest@1ed6388a]" started-at="2023-05-30T13:36:00 IST" name="config_AC" finished-at="2023-05-30T13:36:00 IST" duration-ms="2" status="PASS">
          <reporter-output>
          </reporter-output>
        </test-method> <!-- config_AC -->
        <test-method is-config="true" signature="config_AS()[pri:0, instance:com.banking.steller.Openaccounttest@1ed6388a]" started-at="2023-05-30T13:36:01 IST" name="config_AS" finished-at="2023-05-30T13:36:01 IST" duration-ms="0" status="PASS">
          <reporter-output>
          </reporter-output>
        </test-method> <!-- config_AS -->
      </class> <!-- com.banking.steller.Openaccounttest -->
    </test> <!-- Default test -->
  </suite> <!-- Default suite -->
</testng-results>
