<?xml version="1.0" encoding="UTF-8"?>
<!-- Generated by org.testng.reporters.JUnitXMLReporter -->
<testsuite ignored="4" hostname="DESKTOP-OUMFU5K" failures="1" tests="3" name="Test" time="37.019" errors="0" timestamp="2023-05-30T10:51:22 IST">
  <testcase classname="com.banking.steller.Creditcrbyusingbaseclass" name="creditcustomer" time="6.265"/>
  <testcase classname="com.banking.steller.Fundotpverifications" name="fundotpverify" time="0.331"/>
  <testcase classname="com.banking.steller.Openaccounttest" name="openacc" time="20.934">
    <failure type="java.lang.ArrayIndexOutOfBoundsException" message="Index 1 out of bounds for length 1">
      <![CDATA[java.lang.ArrayIndexOutOfBoundsException: Index 1 out of bounds for length 1
at com.banking.steller.Openaccounttest.openacc(Openaccounttest.java:148)
at java.base/java.util.ArrayList.forEach(ArrayList.java:1511)
... Removed 25 stack frames]]>
    </failure>
  </testcase> <!-- openacc -->
  <testcase classname="steller.utilities.Baseclass" name="@BeforeSuite config_BS" time="0.0">
    <ignored/>
  </testcase> <!-- @BeforeSuite config_BS -->
  <testcase classname="steller.utilities.Baseclass" name="@BeforeSuite config_BS" time="0.0">
    <ignored/>
  </testcase> <!-- @BeforeSuite config_BS -->
  <testcase classname="steller.utilities.Baseclass" name="@AfterSuite config_AS" time="0.0">
    <ignored/>
  </testcase> <!-- @AfterSuite config_AS -->
  <testcase classname="steller.utilities.Baseclass" name="@AfterSuite config_AS" time="0.0">
    <ignored/>
  </testcase> <!-- @AfterSuite config_AS -->
</testsuite> <!-- Test -->
